<?xml version="1.0" encoding="UTF-8"?>
<testng-results ignored="0" total="1" passed="1" failed="0" skipped="0">
  <reporter-output>
  </reporter-output>
  <suite started-at="2022-01-02T21:54:47 IST" name="Default suite" finished-at="2022-01-02T21:54:56 IST" duration-ms="9064">
    <groups>
    </groups>
    <test started-at="2022-01-02T21:54:47 IST" name="Default test" finished-at="2022-01-02T21:54:56 IST" duration-ms="9064">
      <class name="TestCases.LoginTestCase">
        <test-method is-config="true" signature="launch()[pri:0, instance:TestCases.LoginTestCase@7e5afaa6]" started-at="2022-01-02T21:54:47 IST" name="launch" finished-at="2022-01-02T21:54:52 IST" duration-ms="5538" status="PASS">
          <reporter-output>
          </reporter-output>
        </test-method> <!-- launch -->
        <test-method signature="loginTest()[pri:0, instance:TestCases.LoginTestCase@7e5afaa6]" started-at="2022-01-02T21:54:52 IST" name="loginTest" finished-at="2022-01-02T21:54:56 IST" duration-ms="3239" status="PASS">
          <reporter-output>
          </reporter-output>
        </test-method> <!-- loginTest -->
        <test-method is-config="true" signature="teardown()[pri:0, instance:TestCases.LoginTestCase@7e5afaa6]" started-at="2022-01-02T21:54:56 IST" name="teardown" finished-at="2022-01-02T21:54:56 IST" duration-ms="221" status="PASS">
          <reporter-output>
          </reporter-output>
        </test-method> <!-- teardown -->
      </class> <!-- TestCases.LoginTestCase -->
    </test> <!-- Default test -->
  </suite> <!-- Default suite -->
</testng-results>
